current directory: /home/aravindh/environment/sample_app/path/gems/msgpack-1.2.4/ext/msgpack
/home/aravindh/.rbenv/versions/2.3.1/bin/ruby -r ./siteconf20180720-4219-1iz92py.rb extconf.rb
checking for ruby/st.h... yes
checking for st.h... yes
checking for rb_str_replace() in ruby.h... yes
checking for rb_intern_str() in ruby.h... yes
checking for rb_sym2str() in ruby.h... yes
checking for rb_str_intern() in ruby.h... yes
checking for rb_block_lambda() in ruby.h... yes
checking for rb_hash_dup() in ruby.h... yes
checking for rb_hash_clear() in ruby.h... yes
creating Makefile

current directory: /home/aravindh/environment/sample_app/path/gems/msgpack-1.2.4/ext/msgpack
make "DESTDIR=" clean

current directory: /home/aravindh/environment/sample_app/path/gems/msgpack-1.2.4/ext/msgpack
make "DESTDIR="
compiling rbinit.c
compiling unpacker.c
compiling packer_ext_registry.c
compiling rmem.c
compiling buffer_class.c
compiling extension_value_class.c
compiling factory_class.c
compiling buffer.c
compiling packer_class.c
compiling unpacker_ext_registry.c
compiling unpacker_class.c
unpacker_class.c:219:14: warning: ‘Unpacker_peek_next_type’ defined but not used [-Wunused-function]
 static VALUE Unpacker_peek_next_type(VALUE self)
              ^
compiling packer.c
linking shared-object msgpack/msgpack.so

current directory: /home/aravindh/environment/sample_app/path/gems/msgpack-1.2.4/ext/msgpack
make "DESTDIR=" install
/usr/bin/install -c -m 0755 msgpack.so ./.gem.20180720-4219-1bixbct/msgpack
