current directory: /home/aravindh/environment/sample_app/path/gems/bootsnap-1.3.1/ext/bootsnap
/home/aravindh/.rbenv/versions/2.3.1/bin/ruby -r ./siteconf20180720-4219-62oet1.rb extconf.rb
creating Makefile

current directory: /home/aravindh/environment/sample_app/path/gems/bootsnap-1.3.1/ext/bootsnap
make "DESTDIR=" clean

current directory: /home/aravindh/environment/sample_app/path/gems/bootsnap-1.3.1/ext/bootsnap
make "DESTDIR="
compiling bootsnap.c
bootsnap.c: In function ‘get_ruby_platform’:
bootsnap.c:214:3: warning: ISO C90 forbids mixed declarations and code [-Wdeclaration-after-statement]
   struct utsname utsname;
   ^
bootsnap.c: In function ‘bs_cache_path’:
bootsnap.c:240:24: warning: format ‘%llx’ expects argument of type ‘long long unsigned int’, but argument 5 has type ‘uint64_t {aka long unsigned int}’ [-Wformat=]
   sprintf(*cache_path, "%s/%02x/%014llx", cachedir, first_byte, remainder);
                        ^
bootsnap.c: In function ‘bs_rb_fetch’:
bootsnap.c:279:3: warning: ISO C90 forbids mixed declarations and code [-Wdeclaration-after-statement]
   char * cachedir = RSTRING_PTR(cachedir_v);
   ^
linking shared-object bootsnap/bootsnap.so
bootsnap.o: In function `atomic_write_cache_file':
/home/aravindh/environment/sample_app/path/gems/bootsnap-1.3.1/ext/bootsnap/bootsnap.c:477: warning: the use of `mktemp' is dangerous, better use `mkstemp' or `mkdtemp'

current directory: /home/aravindh/environment/sample_app/path/gems/bootsnap-1.3.1/ext/bootsnap
make "DESTDIR=" install
/usr/bin/install -c -m 0755 bootsnap.so ./.gem.20180720-4219-843h9/bootsnap
